c:\users\u1217224\documents\graphicprojects\raytracing\raytracingrenderer\tinyxml\release\tinyxml.pdb
c:\users\u1217224\documents\graphicprojects\raytracing\raytracingrenderer\tinyxml\release\tinyxmlparser.obj
c:\users\u1217224\documents\graphicprojects\raytracing\raytracingrenderer\tinyxml\release\tinyxmlerror.obj
c:\users\u1217224\documents\graphicprojects\raytracing\raytracingrenderer\tinyxml\release\tinyxml.obj
c:\users\u1217224\documents\graphicprojects\raytracing\raytracingrenderer\tinyxml\release\tinystr.obj
c:\users\u1217224\documents\graphicprojects\raytracing\raytracingrenderer\release\tinyxml.lib
c:\users\u1217224\documents\graphicprojects\raytracing\raytracingrenderer\tinyxml\release\xmltest.obj
c:\users\u1217224\documents\graphicprojects\raytracing\raytracingrenderer\tinyxml\release\tinyxmlstl.pdb
c:\users\u1217224\documents\graphicprojects\raytracing\raytracingrenderer\tinyxml\release\vc141.pdb
c:\users\u1217224\documents\graphicprojects\raytracing\raytracingrenderer\tinyxml\release\tinystr.sbr
c:\users\u1217224\documents\graphicprojects\raytracing\raytracingrenderer\tinyxml\release\tinyxml.sbr
c:\users\u1217224\documents\graphicprojects\raytracing\raytracingrenderer\tinyxml\release\tinyxmlerror.sbr
c:\users\u1217224\documents\graphicprojects\raytracing\raytracingrenderer\tinyxml\release\tinyxmlparser.sbr
c:\users\u1217224\documents\graphicprojects\raytracing\raytracingrenderer\tinyxml\release\xmltest.sbr
c:\users\u1217224\documents\graphicprojects\raytracing\raytracingrenderer\tinyxml\release\tinyxml.tlog\cl.command.1.tlog
c:\users\u1217224\documents\graphicprojects\raytracing\raytracingrenderer\tinyxml\release\tinyxml.tlog\cl.read.1.tlog
c:\users\u1217224\documents\graphicprojects\raytracing\raytracingrenderer\tinyxml\release\tinyxml.tlog\cl.write.1.tlog
c:\users\u1217224\documents\graphicprojects\raytracing\raytracingrenderer\tinyxml\release\tinyxml.tlog\lib-link.read.1.tlog
c:\users\u1217224\documents\graphicprojects\raytracing\raytracingrenderer\tinyxml\release\tinyxml.tlog\lib-link.write.1.tlog
c:\users\u1217224\documents\graphicprojects\raytracing\raytracingrenderer\tinyxml\release\tinyxml.tlog\lib.command.1.tlog
