c:\users\sumil\source\repos\raytracing\raytracingrenderer\raytracingrenderer\release\vc141.pdb
c:\users\sumil\source\repos\raytracing\raytracingrenderer\raytracingrenderer\release\xmlload.obj
c:\users\sumil\source\repos\raytracing\raytracingrenderer\raytracingrenderer\release\viewport.obj
c:\users\sumil\source\repos\raytracing\raytracingrenderer\raytracingrenderer\release\raytracingrenderer.obj
c:\users\sumil\source\repos\raytracing\raytracingrenderer\raytracingrenderer\release\lodepng.obj
c:\users\sumil\source\repos\raytracing\raytracingrenderer\release\raytracingrenderer.ipdb
c:\users\sumil\source\repos\raytracing\raytracingrenderer\release\raytracingrenderer.iobj
c:\users\sumil\source\repos\raytracing\raytracingrenderer\raytracingrenderer\release\raytracingrenderer.res
c:\users\sumil\source\repos\raytracing\raytracingrenderer\release\raytracingrenderer.pdb
c:\users\sumil\source\repos\raytracing\raytracingrenderer\raytracingrenderer\release\raytraci.e0e80b93.tlog\cl.command.1.tlog
c:\users\sumil\source\repos\raytracing\raytracingrenderer\raytracingrenderer\release\raytraci.e0e80b93.tlog\cl.read.1.tlog
c:\users\sumil\source\repos\raytracing\raytracingrenderer\raytracingrenderer\release\raytraci.e0e80b93.tlog\cl.write.1.tlog
c:\users\sumil\source\repos\raytracing\raytracingrenderer\raytracingrenderer\release\raytraci.e0e80b93.tlog\link-cvtres.read.1.tlog
c:\users\sumil\source\repos\raytracing\raytracingrenderer\raytracingrenderer\release\raytraci.e0e80b93.tlog\link-cvtres.write.1.tlog
c:\users\sumil\source\repos\raytracing\raytracingrenderer\raytracingrenderer\release\raytraci.e0e80b93.tlog\link-rc.read.1.tlog
c:\users\sumil\source\repos\raytracing\raytracingrenderer\raytracingrenderer\release\raytraci.e0e80b93.tlog\link-rc.write.1.tlog
c:\users\sumil\source\repos\raytracing\raytracingrenderer\raytracingrenderer\release\raytraci.e0e80b93.tlog\link.command.1.tlog
c:\users\sumil\source\repos\raytracing\raytracingrenderer\raytracingrenderer\release\raytraci.e0e80b93.tlog\link.read.1.tlog
c:\users\sumil\source\repos\raytracing\raytracingrenderer\raytracingrenderer\release\raytraci.e0e80b93.tlog\link.write.1.tlog
c:\users\sumil\source\repos\raytracing\raytracingrenderer\raytracingrenderer\release\raytraci.e0e80b93.tlog\raytracingrenderer.write.1u.tlog
c:\users\sumil\source\repos\raytracing\raytracingrenderer\raytracingrenderer\release\raytraci.e0e80b93.tlog\rc.command.1.tlog
c:\users\sumil\source\repos\raytracing\raytracingrenderer\raytracingrenderer\release\raytraci.e0e80b93.tlog\rc.read.1.tlog
c:\users\sumil\source\repos\raytracing\raytracingrenderer\raytracingrenderer\release\raytraci.e0e80b93.tlog\rc.write.1.tlog
